0 info it worked if it ends with ok
1 verbose cli [ '/home/codio/.nvm/v0.10.33/bin/node',
1 verbose cli   '/home/codio/.nvm/v0.10.33/bin/npm',
1 verbose cli   'home',
1 verbose cli   'iron-node' ]
2 info using npm@1.4.28
3 info using node@v0.10.33
4 verbose request where is /iron-node/latest
5 verbose request registry https://registry.npmjs.org/
6 verbose request id 9ee09922650f92ce
7 verbose url raw /iron-node/latest
8 verbose url resolving [ 'https://registry.npmjs.org/', './iron-node/latest' ]
9 verbose url resolved https://registry.npmjs.org/iron-node/latest
10 verbose request where is https://registry.npmjs.org/iron-node/latest
11 info trying registry request attempt 1 at 16:21:00
12 http GET https://registry.npmjs.org/iron-node/latest
13 http 200 https://registry.npmjs.org/iron-node/latest
14 silly registry.get cb [ 200,
14 silly registry.get   { server: 'CouchDB/1.5.0 (Erlang OTP/R16B03)',
14 silly registry.get     etag: '"4XR4X5B4SFM6UMFGDL6CC0WXW"',
14 silly registry.get     'content-type': 'application/json',
14 silly registry.get     'cache-control': 'max-age=300',
14 silly registry.get     'content-length': '1786',
14 silly registry.get     'accept-ranges': 'bytes',
14 silly registry.get     date: 'Thu, 21 Jan 2016 16:21:00 GMT',
14 silly registry.get     via: '1.1 varnish',
14 silly registry.get     age: '0',
14 silly registry.get     connection: 'keep-alive',
14 silly registry.get     'x-served-by': 'cache-atl6233-ATL',
14 silly registry.get     'x-cache': 'MISS',
14 silly registry.get     'x-cache-hits': '0',
14 silly registry.get     'x-timer': 'S1453393260.288915,VS0,VE105',
14 silly registry.get     vary: 'Accept' } ]
15 error Error: spawn ENOENT
15 error     at errnoException (child_process.js:1001:11)
15 error     at Process.ChildProcess._handle.onexit (child_process.js:792:34)
16 error If you need help, you may report this *entire* log,
16 error including the npm and node versions, at:
16 error     <http://github.com/npm/npm/issues>
17 error System Linux 4.2.0-19-generic
18 error command "/home/codio/.nvm/v0.10.33/bin/node" "/home/codio/.nvm/v0.10.33/bin/npm" "home" "iron-node"
19 error cwd /home/codio/workspace/nmotw.in
20 error node -v v0.10.33
21 error npm -v 1.4.28
22 error syscall spawn
23 error code ENOENT
24 error errno ENOENT
25 verbose exit [ 1, true ]
